<?xml version="1.0" encoding="UTF-8"?>
<!-- Generated by org.testng.reporters.JUnitXMLReporter -->
<testsuite hostname="LAPTOP-N0K1MT3J" ignored="0" name="opencartAccountpagetest" tests="9" failures="2" timestamp="03 Feb 2022 18:29:31 GMT" time="85.446" errors="0">
  <testcase name="HomepageLogoTest" time="0.145" classname="com.qa.opencart.tests.AccountpageTest"/>
  <testcase name="AccountSectionTest" time="0.513" classname="com.qa.opencart.tests.AccountpageTest"/>
  <testcase name="DoSearchTest" time="1.326" classname="com.qa.opencart.tests.AccountpageTest"/>
  <testcase name="DoSearchTest" time="2.223" classname="com.qa.opencart.tests.AccountpageTest"/>
  <testcase name="DoSearchTest" time="1.468" classname="com.qa.opencart.tests.AccountpageTest"/>
  <testcase name="selectproductTest" time="31.806" classname="com.qa.opencart.tests.AccountpageTest"/>
  <testcase name="selectproductTest" time="15.886" classname="com.qa.opencart.tests.AccountpageTest"/>
  <testcase name="selectproductTest" time="1.379" classname="com.qa.opencart.tests.AccountpageTest">
    <failure type="java.lang.AssertionError" message="expected [Samsung Sync] but found [Search - Samsung]">
      <![CDATA[java.lang.AssertionError: expected [Samsung Sync] but found [Search - Samsung]
at com.qa.opencart.tests.AccountpageTest.selectproductTest(AccountpageTest.java:58)
at java.util.concurrent.FutureTask.run(FutureTask.java:266)
at java.util.concurrent.ThreadPoolExecutor.runWorker(ThreadPoolExecutor.java:1149)
at java.util.concurrent.ThreadPoolExecutor$Worker.run(ThreadPoolExecutor.java:624)
at java.lang.Thread.run(Thread.java:748)
... Removed 22 stack frames]]>
    </failure>
  </testcase> <!-- selectproductTest -->
  <testcase name="selectproductTest" time="1.077" classname="com.qa.opencart.tests.AccountpageTest">
    <failure type="java.lang.AssertionError" message="expected [Apple Cinema 30] but found [Search - Apple]">
      <![CDATA[java.lang.AssertionError: expected [Apple Cinema 30] but found [Search - Apple]
at com.qa.opencart.tests.AccountpageTest.selectproductTest(AccountpageTest.java:58)
at java.util.concurrent.FutureTask.run(FutureTask.java:266)
at java.util.concurrent.ThreadPoolExecutor.runWorker(ThreadPoolExecutor.java:1149)
at java.util.concurrent.ThreadPoolExecutor$Worker.run(ThreadPoolExecutor.java:624)
at java.lang.Thread.run(Thread.java:748)
... Removed 22 stack frames]]>
    </failure>
  </testcase> <!-- selectproductTest -->
</testsuite> <!-- opencartAccountpagetest -->
