<?xml version="1.0" encoding="UTF-8"?>
<!-- Generated by org.testng.reporters.JUnitXMLReporter -->
<testsuite hostname="LAPTOP-N0K1MT3J" ignored="0" name="OpencartProductInfoPage" tests="3" failures="1" timestamp="03 Feb 2022 18:29:41 GMT" time="66.408" errors="0">
  <testcase name="productHeaderTest" time="38.785" classname="com.qa.opencart.tests.ProductInfoPageTest"/>
  <testcase name="productImagesTest" time="12.709" classname="com.qa.opencart.tests.ProductInfoPageTest"/>
  <testcase name="productInfoTest" time="5.587" classname="com.qa.opencart.tests.ProductInfoPageTest">
    <failure type="java.lang.AssertionError" message="The following asserts failed:
	expected [MacBook Pro] but found [null]">
      <![CDATA[java.lang.AssertionError: The following asserts failed:
expected [MacBook Pro] but found [null]
at com.qa.opencart.tests.ProductInfoPageTest.productInfoTest(ProductInfoPageTest.java:40)
at java.util.concurrent.FutureTask.run(FutureTask.java:266)
at java.util.concurrent.ThreadPoolExecutor.runWorker(ThreadPoolExecutor.java:1149)
at java.util.concurrent.ThreadPoolExecutor$Worker.run(ThreadPoolExecutor.java:624)
at java.lang.Thread.run(Thread.java:748)
... Removed 17 stack frames]]>
    </failure>
  </testcase> <!-- productInfoTest -->
</testsuite> <!-- OpencartProductInfoPage -->
