<html>
<head>
<title>TestNG:  opencartAccountpagetest</title>
<link href="../testng.css" rel="stylesheet" type="text/css" />
<link href="../my-testng.css" rel="stylesheet" type="text/css" />

<style type="text/css">
.log { display: none;} 
.stack-trace { display: none;} 
</style>
<script type="text/javascript">
<!--
function flip(e) {
  current = e.style.display;
  if (current == 'block') {
    e.style.display = 'none';
    return 0;
  }
  else {
    e.style.display = 'block';
    return 1;
  }
}

function toggleBox(szDivId, elem, msg1, msg2)
{
  var res = -1;  if (document.getElementById) {
    res = flip(document.getElementById(szDivId));
  }
  else if (document.all) {
    // this is the way old msie versions work
    res = flip(document.all[szDivId]);
  }
  if(elem) {
    if(res == 0) elem.innerHTML = msg1; else elem.innerHTML = msg2;
  }

}

function toggleAllBoxes() {
  if (document.getElementsByTagName) {
    d = document.getElementsByTagName('div');
    for (i = 0; i < d.length; i++) {
      if (d[i].className == 'log') {
        flip(d[i]);
      }
    }
  }
}

// -->
</script>

</head>
<body>
<h2 align='center'>opencartAccountpagetest</h2><table border='1' align="center">
<tr>
<td>Tests passed/Failed/Skipped:</td><td>7/2/0</td>
</tr><tr>
<td>Started on:</td><td>Sun Jan 30 15:46:46 GMT 2022</td>
</tr>
<tr><td>Total time:</td><td>55 seconds (55809 ms)</td>
</tr><tr>
<td>Included groups:</td><td></td>
</tr><tr>
<td>Excluded groups:</td><td></td>
</tr>
</table><p/>
<small><i>(Hover the method name to see the test class name)</i></small><p/>
<table width='100%' border='1' class='invocation-failed'>
<tr><td colspan='4' align='center'><b>FAILED TESTS</b></td></tr>
<tr><td><b>Test method</b></td>
<td width="30%"><b>Exception</b></td>
<td width="10%"><b>Time (seconds)</b></td>
<td><b>Instance</b></td>
</tr>
<tr>
<td title='com.qa.opencart.tests.AccountpageTest.selectproductTest()'><b>selectproductTest</b><br>Test class: com.qa.opencart.tests.AccountpageTest<br>Parameters: Samsung, Samsung Sync</td>
<td><div><pre>java.lang.AssertionError: expected [Samsung Sync] but found [Search - Samsung]
	at com.qa.opencart.tests.AccountpageTest.selectproductTest(AccountpageTest.java:55)
	at java.util.concurrent.FutureTask.run(FutureTask.java:266)
	at java.util.concurrent.ThreadPoolExecutor.runWorker(ThreadPoolExecutor.java:1149)
	at java.util.concurrent.ThreadPoolExecutor$Worker.run(ThreadPoolExecutor.java:624)
	at java.lang.Thread.run(Thread.java:748)
... Removed 22 stack frames</pre></div><a href='#' onClick='toggleBox("stack-trace1873838947", this, "Click to show all stack frames", "Click to hide stack frames")'>Click to show all stack frames</a>
<div class='stack-trace' id='stack-trace1873838947'><pre>java.lang.AssertionError: expected [Samsung Sync] but found [Search - Samsung]
	at org.testng.Assert.fail(Assert.java:96)
	at org.testng.Assert.failNotEquals(Assert.java:776)
	at org.testng.Assert.assertEqualsImpl(Assert.java:137)
	at org.testng.Assert.assertEquals(Assert.java:118)
	at org.testng.Assert.assertEquals(Assert.java:453)
	at org.testng.Assert.assertEquals(Assert.java:463)
	at com.qa.opencart.tests.AccountpageTest.selectproductTest(AccountpageTest.java:55)
	at sun.reflect.NativeMethodAccessorImpl.invoke0(Native Method)
	at sun.reflect.NativeMethodAccessorImpl.invoke(NativeMethodAccessorImpl.java:62)
	at sun.reflect.DelegatingMethodAccessorImpl.invoke(DelegatingMethodAccessorImpl.java:43)
	at java.lang.reflect.Method.invoke(Method.java:498)
	at org.testng.internal.MethodInvocationHelper.invokeMethod(MethodInvocationHelper.java:124)
	at org.testng.internal.Invoker.invokeMethod(Invoker.java:583)
	at org.testng.internal.Invoker.invokeTestMethod(Invoker.java:719)
	at org.testng.internal.Invoker.invokeTestMethods(Invoker.java:989)
	at org.testng.internal.TestMethodWorker.invokeTestMethods(TestMethodWorker.java:125)
	at org.testng.internal.TestMethodWorker.run(TestMethodWorker.java:109)
	at org.testng.TestRunner.privateRun(TestRunner.java:648)
	at org.testng.TestRunner.run(TestRunner.java:505)
	at org.testng.SuiteRunner.runTest(SuiteRunner.java:455)
	at org.testng.SuiteRunner.access$000(SuiteRunner.java:40)
	at org.testng.SuiteRunner$SuiteWorker.run(SuiteRunner.java:489)
	at org.testng.internal.thread.ThreadUtil$1.call(ThreadUtil.java:52)
	at java.util.concurrent.FutureTask.run(FutureTask.java:266)
	at java.util.concurrent.ThreadPoolExecutor.runWorker(ThreadPoolExecutor.java:1149)
	at java.util.concurrent.ThreadPoolExecutor$Worker.run(ThreadPoolExecutor.java:624)
	at java.lang.Thread.run(Thread.java:748)
</pre></div></td>
<td>1</td>
<td>com.qa.opencart.tests.AccountpageTest@7e2d773b</td></tr>
<tr>
<td title='com.qa.opencart.tests.AccountpageTest.selectproductTest()'><b>selectproductTest</b><br>Test class: com.qa.opencart.tests.AccountpageTest<br>Parameters: Apple, Apple Cinema 30</td>
<td><div><pre>java.lang.AssertionError: expected [Apple Cinema 30] but found [Search - Apple]
	at com.qa.opencart.tests.AccountpageTest.selectproductTest(AccountpageTest.java:55)
	at java.util.concurrent.FutureTask.run(FutureTask.java:266)
	at java.util.concurrent.ThreadPoolExecutor.runWorker(ThreadPoolExecutor.java:1149)
	at java.util.concurrent.ThreadPoolExecutor$Worker.run(ThreadPoolExecutor.java:624)
	at java.lang.Thread.run(Thread.java:748)
... Removed 22 stack frames</pre></div><a href='#' onClick='toggleBox("stack-trace752522670", this, "Click to show all stack frames", "Click to hide stack frames")'>Click to show all stack frames</a>
<div class='stack-trace' id='stack-trace752522670'><pre>java.lang.AssertionError: expected [Apple Cinema 30] but found [Search - Apple]
	at org.testng.Assert.fail(Assert.java:96)
	at org.testng.Assert.failNotEquals(Assert.java:776)
	at org.testng.Assert.assertEqualsImpl(Assert.java:137)
	at org.testng.Assert.assertEquals(Assert.java:118)
	at org.testng.Assert.assertEquals(Assert.java:453)
	at org.testng.Assert.assertEquals(Assert.java:463)
	at com.qa.opencart.tests.AccountpageTest.selectproductTest(AccountpageTest.java:55)
	at sun.reflect.NativeMethodAccessorImpl.invoke0(Native Method)
	at sun.reflect.NativeMethodAccessorImpl.invoke(NativeMethodAccessorImpl.java:62)
	at sun.reflect.DelegatingMethodAccessorImpl.invoke(DelegatingMethodAccessorImpl.java:43)
	at java.lang.reflect.Method.invoke(Method.java:498)
	at org.testng.internal.MethodInvocationHelper.invokeMethod(MethodInvocationHelper.java:124)
	at org.testng.internal.Invoker.invokeMethod(Invoker.java:583)
	at org.testng.internal.Invoker.invokeTestMethod(Invoker.java:719)
	at org.testng.internal.Invoker.invokeTestMethods(Invoker.java:989)
	at org.testng.internal.TestMethodWorker.invokeTestMethods(TestMethodWorker.java:125)
	at org.testng.internal.TestMethodWorker.run(TestMethodWorker.java:109)
	at org.testng.TestRunner.privateRun(TestRunner.java:648)
	at org.testng.TestRunner.run(TestRunner.java:505)
	at org.testng.SuiteRunner.runTest(SuiteRunner.java:455)
	at org.testng.SuiteRunner.access$000(SuiteRunner.java:40)
	at org.testng.SuiteRunner$SuiteWorker.run(SuiteRunner.java:489)
	at org.testng.internal.thread.ThreadUtil$1.call(ThreadUtil.java:52)
	at java.util.concurrent.FutureTask.run(FutureTask.java:266)
	at java.util.concurrent.ThreadPoolExecutor.runWorker(ThreadPoolExecutor.java:1149)
	at java.util.concurrent.ThreadPoolExecutor$Worker.run(ThreadPoolExecutor.java:624)
	at java.lang.Thread.run(Thread.java:748)
</pre></div></td>
<td>0</td>
<td>com.qa.opencart.tests.AccountpageTest@7e2d773b</td></tr>
</table><p>
<table width='100%' border='1' class='invocation-passed'>
<tr><td colspan='4' align='center'><b>PASSED TESTS</b></td></tr>
<tr><td><b>Test method</b></td>
<td width="30%"><b>Exception</b></td>
<td width="10%"><b>Time (seconds)</b></td>
<td><b>Instance</b></td>
</tr>
<tr>
<td title='com.qa.opencart.tests.AccountpageTest.AccountSectionTest()'><b>AccountSectionTest</b><br>Test class: com.qa.opencart.tests.AccountpageTest</td>
<td></td>
<td>0</td>
<td>com.qa.opencart.tests.AccountpageTest@7e2d773b</td></tr>
<tr>
<td title='com.qa.opencart.tests.AccountpageTest.DoSearchTest()'><b>DoSearchTest</b><br>Test class: com.qa.opencart.tests.AccountpageTest<br>Parameters: MacBook</td>
<td></td>
<td>1</td>
<td>com.qa.opencart.tests.AccountpageTest@7e2d773b</td></tr>
<tr>
<td title='com.qa.opencart.tests.AccountpageTest.DoSearchTest()'><b>DoSearchTest</b><br>Test class: com.qa.opencart.tests.AccountpageTest<br>Parameters: Apple</td>
<td></td>
<td>1</td>
<td>com.qa.opencart.tests.AccountpageTest@7e2d773b</td></tr>
<tr>
<td title='com.qa.opencart.tests.AccountpageTest.DoSearchTest()'><b>DoSearchTest</b><br>Test class: com.qa.opencart.tests.AccountpageTest<br>Parameters: Samsung</td>
<td></td>
<td>1</td>
<td>com.qa.opencart.tests.AccountpageTest@7e2d773b</td></tr>
<tr>
<td title='com.qa.opencart.tests.AccountpageTest.HomepageLogoTest()'><b>HomepageLogoTest</b><br>Test class: com.qa.opencart.tests.AccountpageTest</td>
<td></td>
<td>0</td>
<td>com.qa.opencart.tests.AccountpageTest@7e2d773b</td></tr>
<tr>
<td title='com.qa.opencart.tests.AccountpageTest.selectproductTest()'><b>selectproductTest</b><br>Test class: com.qa.opencart.tests.AccountpageTest<br>Parameters: MacBook, MacBook Pro</td>
<td></td>
<td>27</td>
<td>com.qa.opencart.tests.AccountpageTest@7e2d773b</td></tr>
<tr>
<td title='com.qa.opencart.tests.AccountpageTest.selectproductTest()'><b>selectproductTest</b><br>Test class: com.qa.opencart.tests.AccountpageTest<br>Parameters: iMac, iMac</td>
<td></td>
<td>2</td>
<td>com.qa.opencart.tests.AccountpageTest@7e2d773b</td></tr>
</table><p>
</body>
</html>