<?xml version="1.0" encoding="UTF-8"?>
<!-- Generated by org.testng.reporters.JUnitXMLReporter -->
<testsuite hostname="LAPTOP-N0K1MT3J" ignored="0" name="opencartAccountpagetest" tests="9" failures="2" timestamp="30 Jan 2022 15:47:42 GMT" time="55.809" errors="0">
  <testcase name="HomepageLogoTest" time="0.06" classname="com.qa.opencart.tests.AccountpageTest"/>
  <testcase name="AccountSectionTest" time="0.322" classname="com.qa.opencart.tests.AccountpageTest"/>
  <testcase name="DoSearchTest" time="1.252" classname="com.qa.opencart.tests.AccountpageTest"/>
  <testcase name="DoSearchTest" time="1.649" classname="com.qa.opencart.tests.AccountpageTest"/>
  <testcase name="DoSearchTest" time="1.574" classname="com.qa.opencart.tests.AccountpageTest"/>
  <testcase name="selectproductTest" time="27.322" classname="com.qa.opencart.tests.AccountpageTest"/>
  <testcase name="selectproductTest" time="2.738" classname="com.qa.opencart.tests.AccountpageTest"/>
  <testcase name="selectproductTest" time="1.81" classname="com.qa.opencart.tests.AccountpageTest">
    <failure type="java.lang.AssertionError" message="expected [Samsung Sync] but found [Search - Samsung]">
      <![CDATA[java.lang.AssertionError: expected [Samsung Sync] but found [Search - Samsung]
at com.qa.opencart.tests.AccountpageTest.selectproductTest(AccountpageTest.java:55)
at java.util.concurrent.FutureTask.run(FutureTask.java:266)
at java.util.concurrent.ThreadPoolExecutor.runWorker(ThreadPoolExecutor.java:1149)
at java.util.concurrent.ThreadPoolExecutor$Worker.run(ThreadPoolExecutor.java:624)
at java.lang.Thread.run(Thread.java:748)
... Removed 22 stack frames]]>
    </failure>
  </testcase> <!-- selectproductTest -->
  <testcase name="selectproductTest" time="0.902" classname="com.qa.opencart.tests.AccountpageTest">
    <failure type="java.lang.AssertionError" message="expected [Apple Cinema 30] but found [Search - Apple]">
      <![CDATA[java.lang.AssertionError: expected [Apple Cinema 30] but found [Search - Apple]
at com.qa.opencart.tests.AccountpageTest.selectproductTest(AccountpageTest.java:55)
at java.util.concurrent.FutureTask.run(FutureTask.java:266)
at java.util.concurrent.ThreadPoolExecutor.runWorker(ThreadPoolExecutor.java:1149)
at java.util.concurrent.ThreadPoolExecutor$Worker.run(ThreadPoolExecutor.java:624)
at java.lang.Thread.run(Thread.java:748)
... Removed 22 stack frames]]>
    </failure>
  </testcase> <!-- selectproductTest -->
</testsuite> <!-- opencartAccountpagetest -->
