<!DOCTYPE html PUBLIC "-//W3C//DTD XHTML 1.1//EN" "http://www.w3.org/TR/xhtml11/DTD/xhtml11.dtd">
<html xmlns="http://www.w3.org/1999/xhtml">
<head>
<meta http-equiv="content-type" content="text/html; charset=UTF-8"/>
<title>TestNG Report</title>
<style type="text/css">table {margin-bottom:10px;border-collapse:collapse;empty-cells:show}th,td {border:1px solid #009;padding:.25em .5em}th {vertical-align:bottom}td {vertical-align:top}table a {font-weight:bold}.stripe td {background-color: #E6EBF9}.num {text-align:right}.passedodd td {background-color: #3F3}.passedeven td {background-color: #0A0}.skippedodd td {background-color: #DDD}.skippedeven td {background-color: #CCC}.failedodd td,.attn {background-color: #F33}.failedeven td,.stripe .attn {background-color: #D00}.stacktrace {white-space:pre;font-family:monospace}.totop {font-size:85%;text-align:center;border-bottom:2px solid #000}.invisible {display:none}</style>
</head>
<body>
<table>
<tr><th>Test</th><th># Passed</th><th># Skipped</th><th># Failed</th><th>Time (ms)</th><th>Included Groups</th><th>Excluded Groups</th></tr>
<tr><th colspan="7">OpencartAutomation</th></tr>
<tr><td><a href="#t0">opencartloginPagetest</a></td><td class="num">2</td><td class="num">0</td><td class="num">0</td><td class="num">29,252</td><td></td><td></td></tr>
<tr class="stripe"><td><a href="#t1">opencartAccountpagetest</a></td><td class="num">7</td><td class="num">0</td><td class="num attn">2</td><td class="num">85,446</td><td></td><td></td></tr>
<tr><td><a href="#t2">OpencartProductInfoPage</a></td><td class="num">2</td><td class="num">0</td><td class="num attn">1</td><td class="num">66,408</td><td></td><td></td></tr>
<tr><th>Total</th><th class="num">11</th><th class="num">0</th><th class="num attn">3</th><th class="num">181,106</th><th colspan="2"></th></tr>
</table>
<table id='summary'><thead><tr><th>Class</th><th>Method</th><th>Start</th><th>Time (ms)</th></tr></thead><tbody><tr><th colspan="4">OpencartAutomation</th></tr></tbody><tbody id="t0"><tr><th colspan="4">opencartloginPagetest &#8212; passed</th></tr><tr class="passedeven"><td rowspan="2">com.qa.opencart.tests.LoginPageTest</td><td><a href="#m0">loginpageTitleTest</a></td><td rowspan="1">1643912906115</td><td rowspan="1">52</td></tr><tr class="passedeven"><td><a href="#m1">verifylogin</a></td><td rowspan="1">1643912906260</td><td rowspan="1">7769</td></tr></tbody>
<tbody id="t1"><tr><th colspan="4">opencartAccountpagetest &#8212; failed</th></tr><tr class="failedeven"><td rowspan="2">com.qa.opencart.tests.AccountpageTest</td><td><a href="#m2">selectproductTest</a></td><td rowspan="2">1643912969250</td><td rowspan="2">1077</td></tr><tr class="failedeven"><td><a href="#m3">selectproductTest</a></td></tr><tr><th colspan="4">opencartAccountpagetest &#8212; passed</th></tr><tr class="passedeven"><td rowspan="7">com.qa.opencart.tests.AccountpageTest</td><td><a href="#m4">AccountSectionTest</a></td><td rowspan="1">1643912914208</td><td rowspan="1">513</td></tr><tr class="passedeven"><td><a href="#m5">DoSearchTest</a></td><td rowspan="3">1643912914761</td><td rowspan="3">1326</td></tr><tr class="passedeven"><td><a href="#m6">DoSearchTest</a></td></tr><tr class="passedeven"><td><a href="#m7">DoSearchTest</a></td></tr><tr class="passedeven"><td><a href="#m8">HomepageLogoTest</a></td><td rowspan="1">1643912914047</td><td rowspan="1">145</td></tr><tr class="passedeven"><td><a href="#m9">selectproductTest</a></td><td rowspan="2">1643912951626</td><td rowspan="2">15886</td></tr><tr class="passedeven"><td><a href="#m10">selectproductTest</a></td></tr></tbody>
<tbody id="t2"><tr><th colspan="4">OpencartProductInfoPage &#8212; failed</th></tr><tr class="failedeven"><td rowspan="1">com.qa.opencart.tests.ProductInfoPageTest</td><td><a href="#m11">productInfoTest</a></td><td rowspan="1">1643912975105</td><td rowspan="1">5587</td></tr><tr><th colspan="4">OpencartProductInfoPage &#8212; passed</th></tr><tr class="passedeven"><td rowspan="2">com.qa.opencart.tests.ProductInfoPageTest</td><td><a href="#m12">productHeaderTest</a></td><td rowspan="1">1643912923591</td><td rowspan="1">38785</td></tr><tr class="passedeven"><td><a href="#m13">productImagesTest</a></td><td rowspan="1">1643912962389</td><td rowspan="1">12709</td></tr></tbody>
</table>
<h2>opencartloginPagetest</h2><h3 id="m0">com.qa.opencart.tests.LoginPageTest#loginpageTitleTest</h3><table class="result"><tr><th class="invisible"/></tr></table><p class="totop"><a href="#summary">back to summary</a></p>
<h3 id="m1">com.qa.opencart.tests.LoginPageTest#verifylogin</h3><table class="result"><tr><th class="invisible"/></tr></table><p class="totop"><a href="#summary">back to summary</a></p>
<h2>opencartAccountpagetest</h2><h3 id="m2">com.qa.opencart.tests.AccountpageTest#selectproductTest</h3><table class="result"><tr class="param"><th>Parameter #1</th><th>Parameter #2</th></tr><tr class="param stripe"><td>Apple</td><td>Apple Cinema 30</td></tr><tr><th colspan="2">Exception</th></tr><tr><td colspan="2"><div class="stacktrace">java.lang.AssertionError: expected [Apple Cinema 30] but found [Search - Apple]
	at com.qa.opencart.tests.AccountpageTest.selectproductTest(AccountpageTest.java:58)
	at java.util.concurrent.FutureTask.run(FutureTask.java:266)
	at java.util.concurrent.ThreadPoolExecutor.runWorker(ThreadPoolExecutor.java:1149)
	at java.util.concurrent.ThreadPoolExecutor$Worker.run(ThreadPoolExecutor.java:624)
	at java.lang.Thread.run(Thread.java:748)
... Removed 22 stack frames</div></td></tr></table><p class="totop"><a href="#summary">back to summary</a></p>
<h3 id="m3">com.qa.opencart.tests.AccountpageTest#selectproductTest</h3><table class="result"><tr class="param"><th>Parameter #1</th><th>Parameter #2</th></tr><tr class="param stripe"><td>Samsung</td><td>Samsung Sync</td></tr><tr><th colspan="2">Exception</th></tr><tr><td colspan="2"><div class="stacktrace">java.lang.AssertionError: expected [Samsung Sync] but found [Search - Samsung]
	at com.qa.opencart.tests.AccountpageTest.selectproductTest(AccountpageTest.java:58)
	at java.util.concurrent.FutureTask.run(FutureTask.java:266)
	at java.util.concurrent.ThreadPoolExecutor.runWorker(ThreadPoolExecutor.java:1149)
	at java.util.concurrent.ThreadPoolExecutor$Worker.run(ThreadPoolExecutor.java:624)
	at java.lang.Thread.run(Thread.java:748)
... Removed 22 stack frames</div></td></tr></table><p class="totop"><a href="#summary">back to summary</a></p>
<h3 id="m4">com.qa.opencart.tests.AccountpageTest#AccountSectionTest</h3><table class="result"><tr><th class="invisible"/></tr></table><p class="totop"><a href="#summary">back to summary</a></p>
<h3 id="m5">com.qa.opencart.tests.AccountpageTest#DoSearchTest</h3><table class="result"><tr class="param"><th>Parameter #1</th></tr><tr class="param stripe"><td>MacBook</td></tr></table><p class="totop"><a href="#summary">back to summary</a></p>
<h3 id="m6">com.qa.opencart.tests.AccountpageTest#DoSearchTest</h3><table class="result"><tr class="param"><th>Parameter #1</th></tr><tr class="param stripe"><td>Apple</td></tr></table><p class="totop"><a href="#summary">back to summary</a></p>
<h3 id="m7">com.qa.opencart.tests.AccountpageTest#DoSearchTest</h3><table class="result"><tr class="param"><th>Parameter #1</th></tr><tr class="param stripe"><td>Samsung</td></tr></table><p class="totop"><a href="#summary">back to summary</a></p>
<h3 id="m8">com.qa.opencart.tests.AccountpageTest#HomepageLogoTest</h3><table class="result"><tr><th class="invisible"/></tr></table><p class="totop"><a href="#summary">back to summary</a></p>
<h3 id="m9">com.qa.opencart.tests.AccountpageTest#selectproductTest</h3><table class="result"><tr class="param"><th>Parameter #1</th><th>Parameter #2</th></tr><tr class="param stripe"><td>iMac</td><td>iMac</td></tr></table><p class="totop"><a href="#summary">back to summary</a></p>
<h3 id="m10">com.qa.opencart.tests.AccountpageTest#selectproductTest</h3><table class="result"><tr class="param"><th>Parameter #1</th><th>Parameter #2</th></tr><tr class="param stripe"><td>MacBook</td><td>MacBook Pro</td></tr></table><p class="totop"><a href="#summary">back to summary</a></p>
<h2>OpencartProductInfoPage</h2><h3 id="m11">com.qa.opencart.tests.ProductInfoPageTest#productInfoTest</h3><table class="result"><tr><th>Exception</th></tr><tr><td><div class="stacktrace">java.lang.AssertionError: The following asserts failed:
	expected [MacBook Pro] but found [null]
	at com.qa.opencart.tests.ProductInfoPageTest.productInfoTest(ProductInfoPageTest.java:40)
	at java.util.concurrent.FutureTask.run(FutureTask.java:266)
	at java.util.concurrent.ThreadPoolExecutor.runWorker(ThreadPoolExecutor.java:1149)
	at java.util.concurrent.ThreadPoolExecutor$Worker.run(ThreadPoolExecutor.java:624)
	at java.lang.Thread.run(Thread.java:748)
... Removed 17 stack frames</div></td></tr></table><p class="totop"><a href="#summary">back to summary</a></p>
<h3 id="m12">com.qa.opencart.tests.ProductInfoPageTest#productHeaderTest</h3><table class="result"><tr><th class="invisible"/></tr></table><p class="totop"><a href="#summary">back to summary</a></p>
<h3 id="m13">com.qa.opencart.tests.ProductInfoPageTest#productImagesTest</h3><table class="result"><tr><th class="invisible"/></tr></table><p class="totop"><a href="#summary">back to summary</a></p>
</body>
</html>
