<?xml version="1.0" encoding="UTF-8"?>
<testng-results skipped="0" failed="3" ignored="1" total="15" passed="11">
  <reporter-output>
  </reporter-output>
  <suite name="OpencartAutomation" duration-ms="95755" started-at="2022-02-03T18:28:05Z" finished-at="2022-02-03T18:29:41Z">
    <groups>
    </groups>
    <test name="opencartloginPagetest" duration-ms="29252" started-at="2022-02-03T18:28:05Z" finished-at="2022-02-03T18:28:35Z">
      <class name="com.qa.opencart.tests.LoginPageTest">
        <test-method status="PASS" signature="setUp()[pri:0, instance:com.qa.opencart.tests.LoginPageTest@29539e36]" name="setUp" is-config="true" duration-ms="19272" started-at="2022-02-03T18:28:06Z" finished-at="2022-02-03T18:28:25Z">
          <reporter-output>
          </reporter-output>
        </test-method> <!-- setUp -->
        <test-method status="PASS" signature="loginpageTitleTest()[pri:0, instance:com.qa.opencart.tests.LoginPageTest@29539e36]" name="loginpageTitleTest" is-config="true" duration-ms="47" started-at="2022-02-03T18:28:25Z" finished-at="2022-02-03T18:28:26Z">
          <reporter-output>
          </reporter-output>
        </test-method> <!-- loginpageTitleTest -->
        <test-method status="PASS" signature="loginpageTitleTest()[pri:1, instance:com.qa.opencart.tests.LoginPageTest@29539e36]" name="loginpageTitleTest" duration-ms="52" started-at="2022-02-03T18:28:26Z" finished-at="2022-02-03T18:28:26Z">
          <reporter-output>
          </reporter-output>
        </test-method> <!-- loginpageTitleTest -->
        <test-method status="PASS" signature="loginpageTitleTest()[pri:0, instance:com.qa.opencart.tests.LoginPageTest@29539e36]" name="loginpageTitleTest" is-config="true" duration-ms="54" started-at="2022-02-03T18:28:26Z" finished-at="2022-02-03T18:28:26Z">
          <reporter-output>
          </reporter-output>
        </test-method> <!-- loginpageTitleTest -->
        <test-method status="PASS" signature="verifylogin()[pri:3, instance:com.qa.opencart.tests.LoginPageTest@29539e36]" name="verifylogin" duration-ms="7769" started-at="2022-02-03T18:28:26Z" finished-at="2022-02-03T18:28:34Z">
          <reporter-output>
          </reporter-output>
        </test-method> <!-- verifylogin -->
        <test-method status="PASS" signature="TearDown()[pri:0, instance:com.qa.opencart.tests.LoginPageTest@29539e36]" name="TearDown" is-config="true" duration-ms="1106" started-at="2022-02-03T18:28:34Z" finished-at="2022-02-03T18:28:35Z">
          <reporter-output>
          </reporter-output>
        </test-method> <!-- TearDown -->
      </class> <!-- com.qa.opencart.tests.LoginPageTest -->
    </test> <!-- opencartloginPagetest -->
    <test name="opencartAccountpagetest" duration-ms="85446" started-at="2022-02-03T18:28:05Z" finished-at="2022-02-03T18:29:31Z">
      <class name="com.qa.opencart.tests.AccountpageTest">
        <test-method status="PASS" signature="setUp()[pri:0, instance:com.qa.opencart.tests.AccountpageTest@160c3ec1]" name="setUp" is-config="true" duration-ms="20733" started-at="2022-02-03T18:28:05Z" finished-at="2022-02-03T18:28:26Z">
          <reporter-output>
          </reporter-output>
        </test-method> <!-- setUp -->
        <test-method status="PASS" signature="AccountPageSetUp()[pri:0, instance:com.qa.opencart.tests.AccountpageTest@160c3ec1]" name="AccountPageSetUp" is-config="true" duration-ms="7392" started-at="2022-02-03T18:28:26Z" finished-at="2022-02-03T18:28:34Z">
          <reporter-output>
          </reporter-output>
        </test-method> <!-- AccountPageSetUp -->
        <test-method status="PASS" signature="HomepageLogoTest()[pri:1, instance:com.qa.opencart.tests.AccountpageTest@160c3ec1]" name="HomepageLogoTest" duration-ms="145" started-at="2022-02-03T18:28:34Z" finished-at="2022-02-03T18:28:34Z">
          <reporter-output>
          </reporter-output>
        </test-method> <!-- HomepageLogoTest -->
        <test-method status="PASS" signature="AccountSectionTest()[pri:2, instance:com.qa.opencart.tests.AccountpageTest@160c3ec1]" name="AccountSectionTest" duration-ms="513" started-at="2022-02-03T18:28:34Z" finished-at="2022-02-03T18:28:34Z">
          <reporter-output>
          </reporter-output>
        </test-method> <!-- AccountSectionTest -->
        <test-method status="PASS" signature="DoSearchTest(java.lang.String)[pri:3, instance:com.qa.opencart.tests.AccountpageTest@160c3ec1]" name="DoSearchTest" duration-ms="1326" started-at="2022-02-03T18:28:34Z" data-provider="productData" finished-at="2022-02-03T18:28:36Z">
          <params>
            <param index="0">
              <value>
                <![CDATA[MacBook]]>
              </value>
            </param>
          </params>
          <reporter-output>
          </reporter-output>
        </test-method> <!-- DoSearchTest -->
        <test-method status="PASS" signature="DoSearchTest(java.lang.String)[pri:3, instance:com.qa.opencart.tests.AccountpageTest@160c3ec1]" name="DoSearchTest" duration-ms="2223" started-at="2022-02-03T18:28:36Z" data-provider="productData" finished-at="2022-02-03T18:28:38Z">
          <params>
            <param index="0">
              <value>
                <![CDATA[Apple]]>
              </value>
            </param>
          </params>
          <reporter-output>
          </reporter-output>
        </test-method> <!-- DoSearchTest -->
        <test-method status="PASS" signature="DoSearchTest(java.lang.String)[pri:3, instance:com.qa.opencart.tests.AccountpageTest@160c3ec1]" name="DoSearchTest" duration-ms="1468" started-at="2022-02-03T18:28:38Z" data-provider="productData" finished-at="2022-02-03T18:28:39Z">
          <params>
            <param index="0">
              <value>
                <![CDATA[Samsung]]>
              </value>
            </param>
          </params>
          <reporter-output>
          </reporter-output>
        </test-method> <!-- DoSearchTest -->
        <test-method status="PASS" signature="selectproductTest(java.lang.String, java.lang.String)[pri:4, instance:com.qa.opencart.tests.AccountpageTest@160c3ec1]" name="selectproductTest" duration-ms="31806" started-at="2022-02-03T18:28:39Z" data-provider="products" finished-at="2022-02-03T18:29:11Z">
          <params>
            <param index="0">
              <value>
                <![CDATA[MacBook]]>
              </value>
            </param>
            <param index="1">
              <value>
                <![CDATA[MacBook Pro]]>
              </value>
            </param>
          </params>
          <reporter-output>
          </reporter-output>
        </test-method> <!-- selectproductTest -->
        <test-method status="PASS" signature="selectproductTest(java.lang.String, java.lang.String)[pri:4, instance:com.qa.opencart.tests.AccountpageTest@160c3ec1]" name="selectproductTest" duration-ms="15886" started-at="2022-02-03T18:29:11Z" data-provider="products" finished-at="2022-02-03T18:29:27Z">
          <params>
            <param index="0">
              <value>
                <![CDATA[iMac]]>
              </value>
            </param>
            <param index="1">
              <value>
                <![CDATA[iMac]]>
              </value>
            </param>
          </params>
          <reporter-output>
          </reporter-output>
        </test-method> <!-- selectproductTest -->
        <test-method status="FAIL" signature="selectproductTest(java.lang.String, java.lang.String)[pri:4, instance:com.qa.opencart.tests.AccountpageTest@160c3ec1]" name="selectproductTest" duration-ms="1379" started-at="2022-02-03T18:29:27Z" data-provider="products" finished-at="2022-02-03T18:29:28Z">
          <params>
            <param index="0">
              <value>
                <![CDATA[Samsung]]>
              </value>
            </param>
            <param index="1">
              <value>
                <![CDATA[Samsung Sync]]>
              </value>
            </param>
          </params>
          <exception class="java.lang.AssertionError">
            <message>
              <![CDATA[expected [Samsung Sync] but found [Search - Samsung]]]>
            </message>
            <full-stacktrace>
              <![CDATA[java.lang.AssertionError: expected [Samsung Sync] but found [Search - Samsung]
at org.testng.Assert.fail(Assert.java:96)
at org.testng.Assert.failNotEquals(Assert.java:776)
at org.testng.Assert.assertEqualsImpl(Assert.java:137)
at org.testng.Assert.assertEquals(Assert.java:118)
at org.testng.Assert.assertEquals(Assert.java:453)
at org.testng.Assert.assertEquals(Assert.java:463)
at com.qa.opencart.tests.AccountpageTest.selectproductTest(AccountpageTest.java:58)
at sun.reflect.NativeMethodAccessorImpl.invoke0(Native Method)
at sun.reflect.NativeMethodAccessorImpl.invoke(NativeMethodAccessorImpl.java:62)
at sun.reflect.DelegatingMethodAccessorImpl.invoke(DelegatingMethodAccessorImpl.java:43)
at java.lang.reflect.Method.invoke(Method.java:498)
at org.testng.internal.MethodInvocationHelper.invokeMethod(MethodInvocationHelper.java:124)
at org.testng.internal.Invoker.invokeMethod(Invoker.java:583)
at org.testng.internal.Invoker.invokeTestMethod(Invoker.java:719)
at org.testng.internal.Invoker.invokeTestMethods(Invoker.java:989)
at org.testng.internal.TestMethodWorker.invokeTestMethods(TestMethodWorker.java:125)
at org.testng.internal.TestMethodWorker.run(TestMethodWorker.java:109)
at org.testng.TestRunner.privateRun(TestRunner.java:648)
at org.testng.TestRunner.run(TestRunner.java:505)
at org.testng.SuiteRunner.runTest(SuiteRunner.java:455)
at org.testng.SuiteRunner.access$000(SuiteRunner.java:40)
at org.testng.SuiteRunner$SuiteWorker.run(SuiteRunner.java:489)
at org.testng.internal.thread.ThreadUtil$1.call(ThreadUtil.java:52)
at java.util.concurrent.FutureTask.run(FutureTask.java:266)
at java.util.concurrent.ThreadPoolExecutor.runWorker(ThreadPoolExecutor.java:1149)
at java.util.concurrent.ThreadPoolExecutor$Worker.run(ThreadPoolExecutor.java:624)
at java.lang.Thread.run(Thread.java:748)
]]>
            </full-stacktrace>
          </exception> <!-- java.lang.AssertionError -->
          <reporter-output>
          </reporter-output>
        </test-method> <!-- selectproductTest -->
        <test-method status="FAIL" signature="selectproductTest(java.lang.String, java.lang.String)[pri:4, instance:com.qa.opencart.tests.AccountpageTest@160c3ec1]" name="selectproductTest" duration-ms="1077" started-at="2022-02-03T18:29:29Z" data-provider="products" finished-at="2022-02-03T18:29:30Z">
          <params>
            <param index="0">
              <value>
                <![CDATA[Apple]]>
              </value>
            </param>
            <param index="1">
              <value>
                <![CDATA[Apple Cinema 30]]>
              </value>
            </param>
          </params>
          <exception class="java.lang.AssertionError">
            <message>
              <![CDATA[expected [Apple Cinema 30] but found [Search - Apple]]]>
            </message>
            <full-stacktrace>
              <![CDATA[java.lang.AssertionError: expected [Apple Cinema 30] but found [Search - Apple]
at org.testng.Assert.fail(Assert.java:96)
at org.testng.Assert.failNotEquals(Assert.java:776)
at org.testng.Assert.assertEqualsImpl(Assert.java:137)
at org.testng.Assert.assertEquals(Assert.java:118)
at org.testng.Assert.assertEquals(Assert.java:453)
at org.testng.Assert.assertEquals(Assert.java:463)
at com.qa.opencart.tests.AccountpageTest.selectproductTest(AccountpageTest.java:58)
at sun.reflect.NativeMethodAccessorImpl.invoke0(Native Method)
at sun.reflect.NativeMethodAccessorImpl.invoke(NativeMethodAccessorImpl.java:62)
at sun.reflect.DelegatingMethodAccessorImpl.invoke(DelegatingMethodAccessorImpl.java:43)
at java.lang.reflect.Method.invoke(Method.java:498)
at org.testng.internal.MethodInvocationHelper.invokeMethod(MethodInvocationHelper.java:124)
at org.testng.internal.Invoker.invokeMethod(Invoker.java:583)
at org.testng.internal.Invoker.invokeTestMethod(Invoker.java:719)
at org.testng.internal.Invoker.invokeTestMethods(Invoker.java:989)
at org.testng.internal.TestMethodWorker.invokeTestMethods(TestMethodWorker.java:125)
at org.testng.internal.TestMethodWorker.run(TestMethodWorker.java:109)
at org.testng.TestRunner.privateRun(TestRunner.java:648)
at org.testng.TestRunner.run(TestRunner.java:505)
at org.testng.SuiteRunner.runTest(SuiteRunner.java:455)
at org.testng.SuiteRunner.access$000(SuiteRunner.java:40)
at org.testng.SuiteRunner$SuiteWorker.run(SuiteRunner.java:489)
at org.testng.internal.thread.ThreadUtil$1.call(ThreadUtil.java:52)
at java.util.concurrent.FutureTask.run(FutureTask.java:266)
at java.util.concurrent.ThreadPoolExecutor.runWorker(ThreadPoolExecutor.java:1149)
at java.util.concurrent.ThreadPoolExecutor$Worker.run(ThreadPoolExecutor.java:624)
at java.lang.Thread.run(Thread.java:748)
]]>
            </full-stacktrace>
          </exception> <!-- java.lang.AssertionError -->
          <reporter-output>
          </reporter-output>
        </test-method> <!-- selectproductTest -->
        <test-method status="PASS" signature="TearDown()[pri:0, instance:com.qa.opencart.tests.AccountpageTest@160c3ec1]" name="TearDown" is-config="true" duration-ms="1002" started-at="2022-02-03T18:29:30Z" finished-at="2022-02-03T18:29:31Z">
          <reporter-output>
          </reporter-output>
        </test-method> <!-- TearDown -->
      </class> <!-- com.qa.opencart.tests.AccountpageTest -->
    </test> <!-- opencartAccountpagetest -->
    <test name="OpencartProductInfoPage" duration-ms="66408" started-at="2022-02-03T18:28:35Z" finished-at="2022-02-03T18:29:41Z">
      <class name="com.qa.opencart.tests.ProductInfoPageTest">
        <test-method status="PASS" signature="setUp()[pri:0, instance:com.qa.opencart.tests.ProductInfoPageTest@3f2049b6]" name="setUp" is-config="true" duration-ms="5360" started-at="2022-02-03T18:28:35Z" finished-at="2022-02-03T18:28:40Z">
          <reporter-output>
          </reporter-output>
        </test-method> <!-- setUp -->
        <test-method status="PASS" signature="productpageSetup()[pri:0, instance:com.qa.opencart.tests.ProductInfoPageTest@3f2049b6]" name="productpageSetup" is-config="true" duration-ms="2987" started-at="2022-02-03T18:28:40Z" finished-at="2022-02-03T18:28:43Z">
          <reporter-output>
          </reporter-output>
        </test-method> <!-- productpageSetup -->
        <test-method status="PASS" signature="productHeaderTest()[pri:1, instance:com.qa.opencart.tests.ProductInfoPageTest@3f2049b6]" name="productHeaderTest" duration-ms="38785" started-at="2022-02-03T18:28:43Z" finished-at="2022-02-03T18:29:22Z">
          <reporter-output>
          </reporter-output>
        </test-method> <!-- productHeaderTest -->
        <test-method status="PASS" signature="productImagesTest()[pri:2, instance:com.qa.opencart.tests.ProductInfoPageTest@3f2049b6]" name="productImagesTest" duration-ms="12709" started-at="2022-02-03T18:29:22Z" finished-at="2022-02-03T18:29:35Z">
          <reporter-output>
          </reporter-output>
        </test-method> <!-- productImagesTest -->
        <test-method status="FAIL" signature="productInfoTest()[pri:3, instance:com.qa.opencart.tests.ProductInfoPageTest@3f2049b6]" name="productInfoTest" duration-ms="5587" started-at="2022-02-03T18:29:35Z" finished-at="2022-02-03T18:29:40Z">
          <exception class="java.lang.AssertionError">
            <message>
              <![CDATA[The following asserts failed:
expected [MacBook Pro] but found [null]]]>
            </message>
            <full-stacktrace>
              <![CDATA[java.lang.AssertionError: The following asserts failed:
expected [MacBook Pro] but found [null]
at org.testng.asserts.SoftAssert.assertAll(SoftAssert.java:43)
at com.qa.opencart.tests.ProductInfoPageTest.productInfoTest(ProductInfoPageTest.java:40)
at sun.reflect.NativeMethodAccessorImpl.invoke0(Native Method)
at sun.reflect.NativeMethodAccessorImpl.invoke(NativeMethodAccessorImpl.java:62)
at sun.reflect.DelegatingMethodAccessorImpl.invoke(DelegatingMethodAccessorImpl.java:43)
at java.lang.reflect.Method.invoke(Method.java:498)
at org.testng.internal.MethodInvocationHelper.invokeMethod(MethodInvocationHelper.java:124)
at org.testng.internal.Invoker.invokeMethod(Invoker.java:583)
at org.testng.internal.Invoker.invokeTestMethod(Invoker.java:719)
at org.testng.internal.Invoker.invokeTestMethods(Invoker.java:989)
at org.testng.internal.TestMethodWorker.invokeTestMethods(TestMethodWorker.java:125)
at org.testng.internal.TestMethodWorker.run(TestMethodWorker.java:109)
at org.testng.TestRunner.privateRun(TestRunner.java:648)
at org.testng.TestRunner.run(TestRunner.java:505)
at org.testng.SuiteRunner.runTest(SuiteRunner.java:455)
at org.testng.SuiteRunner.access$000(SuiteRunner.java:40)
at org.testng.SuiteRunner$SuiteWorker.run(SuiteRunner.java:489)
at org.testng.internal.thread.ThreadUtil$1.call(ThreadUtil.java:52)
at java.util.concurrent.FutureTask.run(FutureTask.java:266)
at java.util.concurrent.ThreadPoolExecutor.runWorker(ThreadPoolExecutor.java:1149)
at java.util.concurrent.ThreadPoolExecutor$Worker.run(ThreadPoolExecutor.java:624)
at java.lang.Thread.run(Thread.java:748)
]]>
            </full-stacktrace>
          </exception> <!-- java.lang.AssertionError -->
          <reporter-output>
          </reporter-output>
        </test-method> <!-- productInfoTest -->
        <test-method status="PASS" signature="TearDown()[pri:0, instance:com.qa.opencart.tests.ProductInfoPageTest@3f2049b6]" name="TearDown" is-config="true" duration-ms="936" started-at="2022-02-03T18:29:40Z" finished-at="2022-02-03T18:29:41Z">
          <reporter-output>
          </reporter-output>
        </test-method> <!-- TearDown -->
      </class> <!-- com.qa.opencart.tests.ProductInfoPageTest -->
    </test> <!-- OpencartProductInfoPage -->
  </suite> <!-- OpencartAutomation -->
</testng-results>
